<?xml version="1.0" encoding="UTF-8"?>
<robot generator="Robot 4.1.3 (Python 3.7.5 on win32)" generated="20220425 17:27:46.112" rpa="true" schemaversion="2">
<suite id="s1" name="Tasks" source="c:\Users\echip\Desktop\Robot-orders cert II\tasks.robot">
<test id="s1-t1" name="Order robots from RobotSpareBin Industries Inc">
<kw name="Collect Query From User">
<var>${ordersURL}</var>
<kw name="Add text input" library="RPA.Dialogs">
<arg>file</arg>
<arg>label=Please enter the URL of the orders file</arg>
<tag>input</tag>
<doc>Add a text input element</doc>
<status status="PASS" starttime="20220425 17:27:47.972" endtime="20220425 17:27:47.974"/>
</kw>
<kw name="Run dialog" library="RPA.Dialogs">
<var>${ordersURL}</var>
<arg>height=240</arg>
<arg>width=600</arg>
<tag>dialog</tag>
<doc>Create a dialog from all the defined elements and block
until the user has handled it.</doc>
<msg timestamp="20220425 17:27:47.976" level="INFO">Protecting keyword: RPA.Dialogs.Run dialog</msg>
<msg timestamp="20220425 17:27:55.208" level="INFO">Log level changed from NONE to INFO.</msg>
<status status="FAIL" starttime="20220425 17:27:47.975" endtime="20220425 17:27:55.207"/>
</kw>
<status status="FAIL" starttime="20220425 17:27:47.969" endtime="20220425 17:27:55.210"/>
</kw>
<kw name="Log" library="BuiltIn">
<arg>${ordersURL}</arg>
<doc>Logs the given message with the given level.</doc>
<status status="NOT RUN" starttime="20220425 17:27:55.212" endtime="20220425 17:27:55.213"/>
</kw>
<kw name="Open the robot order website">
<status status="NOT RUN" starttime="20220425 17:27:55.214" endtime="20220425 17:27:55.214"/>
</kw>
<kw name="Get orders">
<var>${orders}</var>
<arg>${ordersURL}</arg>
<status status="NOT RUN" starttime="20220425 17:27:55.215" endtime="20220425 17:27:55.215"/>
</kw>
<for flavor="IN">
<var>${row}</var>
<value>@{orders}</value>
<iter>
<var name="${row}">${row}</var>
<kw name="Close the annoying modal">
<status status="NOT RUN" starttime="20220425 17:27:55.221" endtime="20220425 17:27:55.222"/>
</kw>
<kw name="Fill the form">
<arg>${row}</arg>
<status status="NOT RUN" starttime="20220425 17:27:55.222" endtime="20220425 17:27:55.223"/>
</kw>
<kw name="Preview the robot">
<status status="NOT RUN" starttime="20220425 17:27:55.224" endtime="20220425 17:27:55.224"/>
</kw>
<kw name="Submit the order">
<status status="NOT RUN" starttime="20220425 17:27:55.225" endtime="20220425 17:27:55.225"/>
</kw>
<kw name="Store the receipt as a PDF file">
<var>${pdf}</var>
<arg>${row}[Order number]</arg>
<status status="NOT RUN" starttime="20220425 17:27:55.226" endtime="20220425 17:27:55.226"/>
</kw>
<kw name="Take a screenshot of the robot">
<var>${screenshot}</var>
<arg>${row}[Order number]</arg>
<status status="NOT RUN" starttime="20220425 17:27:55.227" endtime="20220425 17:27:55.227"/>
</kw>
<kw name="Embed the robot screenshot to the receipt PDF file">
<arg>${screenshot}</arg>
<arg>${pdf}</arg>
<status status="NOT RUN" starttime="20220425 17:27:55.228" endtime="20220425 17:27:55.228"/>
</kw>
<kw name="Go to order another robot">
<status status="NOT RUN" starttime="20220425 17:27:55.229" endtime="20220425 17:27:55.229"/>
</kw>
<status status="NOT RUN" starttime="20220425 17:27:55.219" endtime="20220425 17:27:55.231"/>
</iter>
<status status="NOT RUN" starttime="20220425 17:27:55.218" endtime="20220425 17:27:55.231"/>
</for>
<kw name="Create a ZIP file of the receipts">
<status status="NOT RUN" starttime="20220425 17:27:55.232" endtime="20220425 17:27:55.234"/>
</kw>
<kw name="Close the Browser" type="TEARDOWN">
<kw name="Close Browser" library="RPA.Browser.Selenium">
<doc>Closes the current browser.</doc>
<status status="PASS" starttime="20220425 17:27:55.239" endtime="20220425 17:27:55.241"/>
</kw>
<status status="PASS" starttime="20220425 17:27:55.237" endtime="20220425 17:27:55.242"/>
</kw>
<status status="FAIL" starttime="20220425 17:27:47.963" endtime="20220425 17:27:55.242">Aborted by user</status>
</test>
<doc>Orders robots from RobotSpareBin Industries Inc.
Saves the order HTML receipt as a PDF file.
Saves the screenshot of the ordered robot.
Embeds the screenshot of the robot to the PDF receipt.
Creates ZIP archive of the receipts and the images.</doc>
<status status="FAIL" starttime="20220425 17:27:46.122" endtime="20220425 17:27:55.247"/>
</suite>
<statistics>
<total>
<stat pass="0" fail="1" skip="0">All Tasks</stat>
</total>
<tag>
</tag>
<suite>
<stat pass="0" fail="1" skip="0" id="s1" name="Tasks">Tasks</stat>
</suite>
</statistics>
<errors>
</errors>
</robot>
